Traceback (most recent call last):
  File "C:\Users\hatef\anaconda3\envs\jbook\lib\site-packages\jupyter_cache\executors\utils.py", line 58, in single_nb_execution
    executenb(
  File "C:\Users\hatef\anaconda3\envs\jbook\lib\site-packages\nbclient\client.py", line 1305, in execute
    return NotebookClient(nb=nb, resources=resources, km=km, **kwargs).execute()
  File "C:\Users\hatef\anaconda3\envs\jbook\lib\site-packages\jupyter_core\utils\__init__.py", line 166, in wrapped
    return loop.run_until_complete(inner)
  File "C:\Users\hatef\anaconda3\envs\jbook\lib\asyncio\base_events.py", line 616, in run_until_complete
    return future.result()
  File "C:\Users\hatef\anaconda3\envs\jbook\lib\site-packages\nbclient\client.py", line 705, in async_execute
    await self.async_execute_cell(
  File "C:\Users\hatef\anaconda3\envs\jbook\lib\site-packages\nbclient\client.py", line 1058, in async_execute_cell
    await self._check_raise_for_error(cell, cell_index, exec_reply)
  File "C:\Users\hatef\anaconda3\envs\jbook\lib\site-packages\nbclient\client.py", line 914, in _check_raise_for_error
    raise CellExecutionError.from_cell_and_msg(cell, exec_reply_content)
nbclient.exceptions.CellExecutionError: An error occurred while executing the following cell:
------------------
import cv2
import matplotlib.pyplot as plt
from matplotlib.font_manager import FontProperties

_ , Out = cv2.threshold(Img, 130, 255,cv2.THRESH_BINARY)

fig, ax = plt.subplots(1, 2 , figsize = (17, 6))
ax = ax.ravel()
font = FontProperties()
font.set_weight('bold')
_ = fig.suptitle('THRESH_BINARY', fontproperties=font, fontsize = 18)

_ = ax[0].imshow(Img)
_ = ax[0].set_title('Original Image', fontproperties=font, fontsize = 12)
_ = ax[1].imshow(Out)
_ = ax[1].set_title('Threshold value = 130,  Maximum value = 255', fontproperties=font, fontsize = 12)
for i in range(2):
    _ = ax[i].set_aspect(1)
    _ = ax[i].axis('off')
del i
------------------


[1;31m---------------------------------------------------------------------------[0m
[1;31mImportError[0m                               Traceback (most recent call last)
Cell [1;32mIn[2], line 1[0m
[1;32m----> 1[0m [38;5;28;01mimport[39;00m [38;5;21;01mcv2[39;00m
[0;32m      2[0m [38;5;28;01mimport[39;00m [38;5;21;01mmatplotlib[39;00m[38;5;21;01m.[39;00m[38;5;21;01mpyplot[39;00m [38;5;28;01mas[39;00m [38;5;21;01mplt[39;00m
[0;32m      3[0m [38;5;28;01mfrom[39;00m [38;5;21;01mmatplotlib[39;00m[38;5;21;01m.[39;00m[38;5;21;01mfont_manager[39;00m [38;5;28;01mimport[39;00m FontProperties

[1;31mImportError[0m: DLL load failed while importing cv2: The specified module could not be found.

