Traceback (most recent call last):
  File "C:\Users\hatef\anaconda3\envs\jbook\lib\site-packages\jupyter_cache\executors\utils.py", line 58, in single_nb_execution
    executenb(
  File "C:\Users\hatef\anaconda3\envs\jbook\lib\site-packages\nbclient\client.py", line 1204, in execute
    return NotebookClient(nb=nb, resources=resources, km=km, **kwargs).execute()
  File "C:\Users\hatef\anaconda3\envs\jbook\lib\site-packages\nbclient\util.py", line 84, in wrapped
    return just_run(coro(*args, **kwargs))
  File "C:\Users\hatef\anaconda3\envs\jbook\lib\site-packages\nbclient\util.py", line 62, in just_run
    return loop.run_until_complete(coro)
  File "C:\Users\hatef\anaconda3\envs\jbook\lib\asyncio\base_events.py", line 616, in run_until_complete
    return future.result()
  File "C:\Users\hatef\anaconda3\envs\jbook\lib\site-packages\nbclient\client.py", line 663, in async_execute
    await self.async_execute_cell(
  File "C:\Users\hatef\anaconda3\envs\jbook\lib\site-packages\nbclient\client.py", line 965, in async_execute_cell
    await self._check_raise_for_error(cell, cell_index, exec_reply)
  File "C:\Users\hatef\anaconda3\envs\jbook\lib\site-packages\nbclient\client.py", line 862, in _check_raise_for_error
    raise CellExecutionError.from_cell_and_msg(cell, exec_reply_content)
nbclient.exceptions.CellExecutionError: An error occurred while executing the following cell:
------------------
from IPython.display import display, Latex
Int = TwoPointGaussian(f = lambda x: x**2)
display(Latex('''\\left(-\\frac{\\sqrt{3}}{3}\\right) + f\\left(\\frac{\\sqrt{3}}{3}\\right) =  %.4f''' % Int))
------------------

[1;31m---------------------------------------------------------------------------[0m
[1;31mNameError[0m                                 Traceback (most recent call last)
Cell [1;32mIn[1], line 2[0m
[0;32m      1[0m [38;5;28;01mfrom[39;00m [38;5;21;01mIPython[39;00m[38;5;21;01m.[39;00m[38;5;21;01mdisplay[39;00m [38;5;28;01mimport[39;00m display, Latex
[1;32m----> 2[0m Int [38;5;241m=[39m [43mTwoPointGaussian[49m(f [38;5;241m=[39m [38;5;28;01mlambda[39;00m x: x[38;5;241m*[39m[38;5;241m*[39m[38;5;241m2[39m)
[0;32m      3[0m display(Latex([38;5;124m'''[39m[38;5;130;01m\\[39;00m[38;5;124mleft(-[39m[38;5;130;01m\\[39;00m[38;5;124mfrac[39m[38;5;124m{[39m[38;5;130;01m\\[39;00m[38;5;124msqrt[39m[38;5;132;01m{3}[39;00m[38;5;124m}[39m[38;5;132;01m{3}[39;00m[38;5;130;01m\\[39;00m[38;5;124mright) + f[39m[38;5;130;01m\\[39;00m[38;5;124mleft([39m[38;5;130;01m\\[39;00m[38;5;124mfrac[39m[38;5;124m{[39m[38;5;130;01m\\[39;00m[38;5;124msqrt[39m[38;5;132;01m{3}[39;00m[38;5;124m}[39m[38;5;132;01m{3}[39;00m[38;5;130;01m\\[39;00m[38;5;124mright) =  [39m[38;5;132;01m%.4f[39;00m[38;5;124m'''[39m [38;5;241m%[39m Int))

[1;31mNameError[0m: name 'TwoPointGaussian' is not defined
NameError: name 'TwoPointGaussian' is not defined

